<?xml version="1.0" encoding="UTF-8"?>
<testsuite name="org.apache.hadoop.security.authentication.util.TestStringSignerSecretProvider" time="0.004" tests="1" errors="0" skipped="0" failures="0">
  <properties>
    <property name="idea.version" value="2018.2.5"/>
    <property name="java.runtime.name" value="Java(TM) SE Runtime Environment"/>
    <property name="sun.boot.library.path" value="C:\Program Files\Java\jdk1.8.0_162\jre\bin"/>
    <property name="java.vm.version" value="25.162-b12"/>
    <property name="java.vm.vendor" value="Oracle Corporation"/>
    <property name="maven.multiModuleProjectDirectory" value="D:\fpy\study\NX\basecode\hadoop-2.7.0-src"/>
    <property name="java.vendor.url" value="http://java.oracle.com/"/>
    <property name="path.separator" value=";"/>
    <property name="guice.disable.misplaced.annotation.check" value="true"/>
    <property name="java.vm.name" value="Java HotSpot(TM) 64-Bit Server VM"/>
    <property name="file.encoding.pkg" value="sun.io"/>
    <property name="user.script" value=""/>
    <property name="user.country" value="CN"/>
    <property name="sun.java.launcher" value="SUN_STANDARD"/>
    <property name="sun.os.patch.level" value=""/>
    <property name="java.vm.specification.name" value="Java Virtual Machine Specification"/>
    <property name="user.dir" value="D:\fpy\study\NX\basecode\hadoop-2.7.0-src"/>
    <property name="java.runtime.version" value="1.8.0_162-b12"/>
    <property name="java.awt.graphicsenv" value="sun.awt.Win32GraphicsEnvironment"/>
    <property name="java.endorsed.dirs" value="C:\Program Files\Java\jdk1.8.0_162\jre\lib\endorsed"/>
    <property name="os.arch" value="amd64"/>
    <property name="java.io.tmpdir" value="C:\Users\liuwe\AppData\Local\Temp\"/>
    <property name="line.separator" value="&#10;"/>
    <property name="java.vm.specification.vendor" value="Oracle Corporation"/>
    <property name="user.variant" value=""/>
    <property name="os.name" value="Windows 10"/>
    <property name="classworlds.conf" value="D:\apache-maven-3.3.9\bin\m2.conf"/>
    <property name="sun.jnu.encoding" value="GBK"/>
    <property name="java.library.path" value="C:\Program Files\Java\jdk1.8.0_162\bin;C:\WINDOWS\Sun\Java\bin;C:\WINDOWS\system32;C:\WINDOWS;C:\Program Files (x86)\Common Files\NetSarang;C:\Program Files (x86)\Intel\iCLS Client\;C:\Program Files\Intel\iCLS Client\;C:\Windows\system32;C:\Windows;C:\Windows\System32\Wbem;C:\Windows\System32\WindowsPowerShell\v1.0\;C:\Program Files (x86)\Intel\Intel(R) Management Engine Components\DAL;C:\Program Files\Intel\Intel(R) Management Engine Components\DAL;C:\Program Files (x86)\Intel\Intel(R) Management Engine Components\IPT;C:\Program Files\Intel\Intel(R) Management Engine Components\IPT;C:\Program Files (x86)\NVIDIA Corporation\PhysX\Common;C:\Program Files (x86)\Java\jdk1.8.0_144\bin;C:\Program Files\Git\cmd;C:\WINDOWS\system32;C:\WINDOWS;C:\WINDOWS\System32\Wbem;C:\WINDOWS\System32\WindowsPowerShell\v1.0\;C:\Program Files (x86)\Common Files\Thunder Network\KanKan\Codecs;C:\WINDOWS\System32\OpenSSH\;D:\work\hadoop\hadoop-2.8.0\bin;D:\work\MySQL\mysql-5.7.17-winx64\bin;C:\Python27;D:\apache-maven-3.3.9\bin;&quot;C:\Program Files\Java\jdk1.7.0_67\bin;&quot;;D:\work\hadoop\hadoop-2.8.0\sbin;D:\fpy\soft\cmake\cmake-3.8.0\bin;D:\work\scala-2.11.8\bin;C:\Program Files (x86)\scala\bin;C:\Program Files\OpenVPN\bin;C:\Program Files\dotnet\;C:\Program Files\Microsoft SQL Server\130\Tools\Binn\;C:\Users\liuwe\AppData\Local\Programs\Python\Python36\Scripts\;C:\Users\liuwe\AppData\Local\Programs\Python\Python36\;D:\Program Files (x86)\Microsoft Visual Studio\Common\Tools\WinNT;D:\Program Files (x86)\Microsoft Visual Studio\Common\MSDev98\Bin;D:\Program Files (x86)\Microsoft Visual Studio\Common\Tools;D:\Program Files (x86)\Microsoft Visual Studio\VC98\bin;C:\Users\liuwe\AppData\Local\Microsoft\WindowsApps;C:\Users\liuwe\AppData\Local\BypassRuntm;D:\apache-maven-3.3.9\bin;C:\Program Files\Java\jdk1.7.0_67\bin;;C:\Users\liuwe\AppData\Local\Microsoft\WindowsApps;C:\Users\liuwe\.dotnet\tools;."/>
    <property name="java.specification.name" value="Java Platform API Specification"/>
    <property name="java.class.version" value="52.0"/>
    <property name="sun.management.compiler" value="HotSpot 64-Bit Tiered Compilers"/>
    <property name="maven.repo.local" value="D:\apache-maven-3.3.9\localRepositories"/>
    <property name="os.version" value="10.0"/>
    <property name="user.home" value="C:\Users\liuwe"/>
    <property name="user.timezone" value="Asia/Shanghai"/>
    <property name="java.awt.printerjob" value="sun.awt.windows.WPrinterJob"/>
    <property name="java.specification.version" value="1.8"/>
    <property name="file.encoding" value="UTF-8"/>
    <property name="user.name" value="Limeng"/>
    <property name="java.class.path" value="D:\apache-maven-3.3.9\boot\plexus-classworlds-2.5.2.jar;C:\Program Files\JetBrains\IntelliJ IDEA 2018.2.5\lib\idea_rt.jar"/>
    <property name="java.vm.specification.version" value="1.8"/>
    <property name="sun.arch.data.model" value="64"/>
    <property name="java.home" value="C:\Program Files\Java\jdk1.8.0_162\jre"/>
    <property name="sun.java.command" value="org.codehaus.classworlds.Launcher -Didea.version=2018.2.5 -s D:\apache-maven-3.3.9\conf\settings-basecode.xml -Dmaven.repo.local=D:\apache-maven-3.3.9\localRepositories install"/>
    <property name="java.specification.vendor" value="Oracle Corporation"/>
    <property name="user.language" value="zh"/>
    <property name="awt.toolkit" value="sun.awt.windows.WToolkit"/>
    <property name="java.vm.info" value="mixed mode"/>
    <property name="java.version" value="1.8.0_162"/>
    <property name="java.ext.dirs" value="C:\Program Files\Java\jdk1.8.0_162\jre\lib\ext;C:\WINDOWS\Sun\Java\lib\ext"/>
    <property name="sun.boot.class.path" value="C:\Program Files\Java\jdk1.8.0_162\jre\lib\resources.jar;C:\Program Files\Java\jdk1.8.0_162\jre\lib\rt.jar;C:\Program Files\Java\jdk1.8.0_162\jre\lib\sunrsasign.jar;C:\Program Files\Java\jdk1.8.0_162\jre\lib\jsse.jar;C:\Program Files\Java\jdk1.8.0_162\jre\lib\jce.jar;C:\Program Files\Java\jdk1.8.0_162\jre\lib\charsets.jar;C:\Program Files\Java\jdk1.8.0_162\jre\lib\jfr.jar;C:\Program Files\Java\jdk1.8.0_162\jre\classes"/>
    <property name="java.vendor" value="Oracle Corporation"/>
    <property name="maven.home" value="D:\apache-maven-3.3.9"/>
    <property name="file.separator" value="\"/>
    <property name="java.vendor.url.bug" value="http://bugreport.sun.com/bugreport/"/>
    <property name="sun.cpu.endian" value="little"/>
    <property name="sun.io.unicode.encoding" value="UnicodeLittle"/>
    <property name="sun.desktop" value="windows"/>
    <property name="sun.cpu.isalist" value="amd64"/>
  </properties>
  <testcase name="testGetSecrets" classname="org.apache.hadoop.security.authentication.util.TestStringSignerSecretProvider" time="0.004"/>
</testsuite>